2016-03-13 16:57:04,871 [http-bio-8080-exec-7] ERROR StackTrace  - Full Stack Trace:
org.codehaus.groovy.control.MultipleCompilationErrorsException: startup failed:
/Users/calvin/Desktop/timestamps-groovy/TimeStampsGroovy/grails-app/controllers/timestampsgroovy/PrivateContollerController.groovy: 4: unable to resolve class Secured ,  unable to find class for annotation
 @ line 4, column 1.
   @Secured(['ROLE_ADMIN'])
   ^

/Users/calvin/Desktop/timestamps-groovy/TimeStampsGroovy/grails-app/controllers/timestampsgroovy/PublicController.groovy: 3: unable to resolve class Secured ,  unable to find class for annotation
 @ line 3, column 1.
   @Secured(['permitAll'])
   ^

2 errors

	at org.codehaus.groovy.control.ErrorCollector.failIfErrors(ErrorCollector.java:309)
	at org.codehaus.groovy.control.CompilationUnit.applyToSourceUnits(CompilationUnit.java:943)
	at org.codehaus.groovy.control.CompilationUnit.doPhaseOperation(CompilationUnit.java:590)
	at org.codehaus.groovy.control.CompilationUnit.compile(CompilationUnit.java:539)
	at org.codehaus.groovy.control.CompilationUnit.compile(CompilationUnit.java:522)
	at org.codehaus.groovy.tools.FileSystemCompiler.compile(FileSystemCompiler.java:59)
	at org.codehaus.groovy.tools.FileSystemCompiler.doCompilation(FileSystemCompiler.java:215)
	at org.codehaus.groovy.ant.Groovyc.runCompiler(Groovyc.java:1162)
	at org.codehaus.groovy.ant.Groovyc.compile(Groovyc.java:1213)
	at org.codehaus.groovy.grails.compiler.Grailsc.compile(Grailsc.java:78)
	at org.codehaus.groovy.ant.Groovyc.execute(Groovyc.java:828)
	at org.apache.tools.ant.UnknownElement.execute(UnknownElement.java:291)
	at sun.reflect.NativeMethodAccessorImpl.invoke0(Native Method)
	at sun.reflect.NativeMethodAccessorImpl.invoke(NativeMethodAccessorImpl.java:62)
	at sun.reflect.DelegatingMethodAccessorImpl.invoke(DelegatingMethodAccessorImpl.java:43)
	at java.lang.reflect.Method.invoke(Method.java:497)
	at org.springsource.loaded.ri.ReflectiveInterceptor.jlrMethodInvoke(ReflectiveInterceptor.java:1270)
	at org.apache.tools.ant.dispatch.DispatchUtils.execute(DispatchUtils.java:106)
	at groovy.util.AntBuilder.performTask(AntBuilder.java:324)
	at groovy.util.AntBuilder.nodeCompleted(AntBuilder.java:269)
	at groovy.util.BuilderSupport.doInvokeMethod(BuilderSupport.java:147)
	at groovy.util.AntBuilder.doInvokeMethod(AntBuilder.java:204)
	at groovy.util.BuilderSupport.invokeMethod(BuilderSupport.java:64)
	at org.codehaus.groovy.runtime.callsite.PogoMetaClassSite.call(PogoMetaClassSite.java:45)
	at org.codehaus.groovy.runtime.callsite.AbstractCallSite.call(AbstractCallSite.java:130)
	at org.codehaus.groovy.grails.project.compiler.GrailsProjectCompiler.compile(GrailsProjectCompiler.groovy:298)
	at org.codehaus.groovy.grails.project.compiler.GrailsProjectCompiler$compile$2.callCurrent(Unknown Source)
	at org.codehaus.groovy.grails.project.compiler.GrailsProjectCompiler.compile(GrailsProjectCompiler.groovy:265)
	at org.codehaus.groovy.grails.project.compiler.GrailsProjectCompiler.compileAll(GrailsProjectCompiler.groovy:256)
	at org.codehaus.groovy.grails.project.compiler.GrailsProjectWatcher.compileIfSource(GrailsProjectWatcher.java:262)
	at org.codehaus.groovy.grails.project.compiler.GrailsProjectWatcher.access$300(GrailsProjectWatcher.java:48)
	at org.codehaus.groovy.grails.project.compiler.GrailsProjectWatcher$1.onChange(GrailsProjectWatcher.java:136)
	at org.codehaus.groovy.grails.compiler.AbstractDirectoryWatcher.fireOnChange(AbstractDirectoryWatcher.java:70)
	at org.codehaus.groovy.grails.compiler.WatchServiceDirectoryWatcher.run(WatchServiceDirectoryWatcher.java:106)
	at org.codehaus.groovy.grails.compiler.DirectoryWatcher.run(DirectoryWatcher.java:154)
	at org.codehaus.groovy.grails.project.compiler.GrailsProjectWatcher.run(GrailsProjectWatcher.java:161)
	at java_lang_Runnable$run.call(Unknown Source)
	at org.codehaus.groovy.runtime.callsite.CallSiteArray.defaultCall(CallSiteArray.java:45)
	at org.codehaus.groovy.runtime.callsite.AbstractCallSite.call(AbstractCallSite.java:110)
	at org.codehaus.groovy.runtime.callsite.AbstractCallSite.call(AbstractCallSite.java:114)
	at org.codehaus.groovy.grails.cli.fork.ForkedGrailsProcess.startProjectWatcher(ForkedGrailsProcess.groovy:748)
	at sun.reflect.NativeMethodAccessorImpl.invoke0(Native Method)
	at sun.reflect.NativeMethodAccessorImpl.invoke(NativeMethodAccessorImpl.java:62)
	at sun.reflect.DelegatingMethodAccessorImpl.invoke(DelegatingMethodAccessorImpl.java:43)
	at java.lang.reflect.Method.invoke(Method.java:497)
	at org.springsource.loaded.ri.ReflectiveInterceptor.jlrMethodInvoke(ReflectiveInterceptor.java:1270)
	at org.codehaus.groovy.reflection.CachedMethod.invoke(CachedMethod.java:90)
	at groovy.lang.MetaMethod.doMethodInvoke(MetaMethod.java:324)
	at groovy.lang.MetaClassImpl.invokeMethod(MetaClassImpl.java:1207)
	at groovy.lang.MetaClassImpl.invokeMethod(MetaClassImpl.java:1016)
	at groovy.lang.MetaClassImpl.invokeMethod(MetaClassImpl.java:1152)
	at groovy.lang.ExpandoMetaClass.invokeMethod(ExpandoMetaClass.java:1121)
	at groovy.lang.MetaClassImpl.invokeMethod(MetaClassImpl.java:1016)
	at org.codehaus.groovy.runtime.callsite.PogoMetaClassSite.callCurrent(PogoMetaClassSite.java:66)
	at org.codehaus.groovy.runtime.callsite.CallSiteArray.defaultCallCurrent(CallSiteArray.java:49)
	at org.codehaus.groovy.runtime.callsite.AbstractCallSite.callCurrent(AbstractCallSite.java:151)
	at org.codehaus.groovy.runtime.callsite.AbstractCallSite.callCurrent(AbstractCallSite.java:171)
	at org.codehaus.groovy.grails.cli.fork.ForkedGrailsProcess$_setupReloading_closure17.doCall(ForkedGrailsProcess.groovy:737)
	at org.codehaus.groovy.grails.cli.fork.ForkedGrailsProcess$_setupReloading_closure17.doCall(ForkedGrailsProcess.groovy)
	at sun.reflect.NativeMethodAccessorImpl.invoke0(Native Method)
	at sun.reflect.NativeMethodAccessorImpl.invoke(NativeMethodAccessorImpl.java:62)
	at sun.reflect.DelegatingMethodAccessorImpl.invoke(DelegatingMethodAccessorImpl.java:43)
	at java.lang.reflect.Method.invoke(Method.java:497)
	at org.springsource.loaded.ri.ReflectiveInterceptor.jlrMethodInvoke(ReflectiveInterceptor.java:1270)
	at org.codehaus.groovy.reflection.CachedMethod.invoke(CachedMethod.java:90)
	at groovy.lang.MetaMethod.doMethodInvoke(MetaMethod.java:324)
	at groovy.lang.MetaClassImpl.invokeMethod(MetaClassImpl.java:1207)
	at groovy.lang.ExpandoMetaClass.invokeMethod(ExpandoMetaClass.java:1121)
	at groovy.lang.MetaClassImpl.invokeMethod(MetaClassImpl.java:1016)
	at groovy.lang.Closure.call(Closure.java:423)
	at groovy.lang.Closure.call(Closure.java:417)
	at groovy.lang.Closure.run(Closure.java:504)
	at java.lang.Thread.run(Thread.java:745)
2016-03-13 16:57:04,874 [http-bio-8080-exec-7] ERROR StackTrace  - Full Stack Trace:
org.codehaus.groovy.control.MultipleCompilationErrorsException: startup failed:
/Users/calvin/Desktop/timestamps-groovy/TimeStampsGroovy/grails-app/controllers/timestampsgroovy/PrivateContollerController.groovy: 4: unable to resolve class Secured ,  unable to find class for annotation
 @ line 4, column 1.
   @Secured(['ROLE_ADMIN'])
   ^

/Users/calvin/Desktop/timestamps-groovy/TimeStampsGroovy/grails-app/controllers/timestampsgroovy/PublicController.groovy: 3: unable to resolve class Secured ,  unable to find class for annotation
 @ line 3, column 1.
   @Secured(['permitAll'])
   ^

2 errors

	at org.codehaus.groovy.control.ErrorCollector.failIfErrors(ErrorCollector.java:309)
	at org.codehaus.groovy.control.CompilationUnit.applyToSourceUnits(CompilationUnit.java:943)
	at org.codehaus.groovy.control.CompilationUnit.doPhaseOperation(CompilationUnit.java:590)
	at org.codehaus.groovy.control.CompilationUnit.compile(CompilationUnit.java:539)
	at org.codehaus.groovy.control.CompilationUnit.compile(CompilationUnit.java:522)
	at org.codehaus.groovy.tools.FileSystemCompiler.compile(FileSystemCompiler.java:59)
	at org.codehaus.groovy.tools.FileSystemCompiler.doCompilation(FileSystemCompiler.java:215)
	at org.codehaus.groovy.ant.Groovyc.runCompiler(Groovyc.java:1162)
	at org.codehaus.groovy.ant.Groovyc.compile(Groovyc.java:1213)
	at org.codehaus.groovy.ant.Groovyc.execute(Groovyc.java:828)
	at org.apache.tools.ant.UnknownElement.execute(UnknownElement.java:291)
	at org.apache.tools.ant.dispatch.DispatchUtils.execute(DispatchUtils.java:106)
	at java.lang.Thread.run(Thread.java:745)
2016-03-13 16:57:05,007 [http-bio-8080-exec-7] ERROR StackTrace  - Full Stack Trace:
org.codehaus.groovy.control.MultipleCompilationErrorsException: startup failed:
/Users/calvin/Desktop/timestamps-groovy/TimeStampsGroovy/grails-app/controllers/timestampsgroovy/PrivateContollerController.groovy: 4: unable to resolve class Secured ,  unable to find class for annotation
 @ line 4, column 1.
   @Secured(['ROLE_ADMIN'])
   ^

/Users/calvin/Desktop/timestamps-groovy/TimeStampsGroovy/grails-app/controllers/timestampsgroovy/PublicController.groovy: 3: unable to resolve class Secured ,  unable to find class for annotation
 @ line 3, column 1.
   @Secured(['permitAll'])
   ^

2 errors

	at org.codehaus.groovy.control.ErrorCollector.failIfErrors(ErrorCollector.java:309)
	at org.codehaus.groovy.control.CompilationUnit.applyToSourceUnits(CompilationUnit.java:943)
	at org.codehaus.groovy.control.CompilationUnit.doPhaseOperation(CompilationUnit.java:590)
	at org.codehaus.groovy.control.CompilationUnit.compile(CompilationUnit.java:539)
	at org.codehaus.groovy.control.CompilationUnit.compile(CompilationUnit.java:522)
	at org.codehaus.groovy.tools.FileSystemCompiler.compile(FileSystemCompiler.java:59)
	at org.codehaus.groovy.tools.FileSystemCompiler.doCompilation(FileSystemCompiler.java:215)
	at org.codehaus.groovy.ant.Groovyc.runCompiler(Groovyc.java:1162)
	at org.codehaus.groovy.ant.Groovyc.compile(Groovyc.java:1213)
	at org.codehaus.groovy.ant.Groovyc.execute(Groovyc.java:828)
	at org.apache.tools.ant.UnknownElement.execute(UnknownElement.java:291)
	at org.apache.tools.ant.dispatch.DispatchUtils.execute(DispatchUtils.java:106)
	at java.lang.Thread.run(Thread.java:745)
2016-03-13 16:57:05,008 [http-bio-8080-exec-7] ERROR StackTrace  - Full Stack Trace:
org.codehaus.groovy.control.MultipleCompilationErrorsException: startup failed:
/Users/calvin/Desktop/timestamps-groovy/TimeStampsGroovy/grails-app/controllers/timestampsgroovy/PrivateContollerController.groovy: 4: unable to resolve class Secured ,  unable to find class for annotation
 @ line 4, column 1.
   @Secured(['ROLE_ADMIN'])
   ^

/Users/calvin/Desktop/timestamps-groovy/TimeStampsGroovy/grails-app/controllers/timestampsgroovy/PublicController.groovy: 3: unable to resolve class Secured ,  unable to find class for annotation
 @ line 3, column 1.
   @Secured(['permitAll'])
   ^

2 errors

	at org.codehaus.groovy.control.ErrorCollector.failIfErrors(ErrorCollector.java:309)
	at org.codehaus.groovy.control.CompilationUnit.applyToSourceUnits(CompilationUnit.java:943)
	at org.codehaus.groovy.control.CompilationUnit.doPhaseOperation(CompilationUnit.java:590)
	at org.codehaus.groovy.control.CompilationUnit.compile(CompilationUnit.java:539)
	at org.codehaus.groovy.control.CompilationUnit.compile(CompilationUnit.java:522)
	at org.codehaus.groovy.tools.FileSystemCompiler.compile(FileSystemCompiler.java:59)
	at org.codehaus.groovy.tools.FileSystemCompiler.doCompilation(FileSystemCompiler.java:215)
	at org.codehaus.groovy.ant.Groovyc.runCompiler(Groovyc.java:1162)
	at org.codehaus.groovy.ant.Groovyc.compile(Groovyc.java:1213)
	at org.codehaus.groovy.ant.Groovyc.execute(Groovyc.java:828)
	at org.apache.tools.ant.UnknownElement.execute(UnknownElement.java:291)
	at org.apache.tools.ant.dispatch.DispatchUtils.execute(DispatchUtils.java:106)
	at java.lang.Thread.run(Thread.java:745)
2016-03-13 16:59:57,420 [http-bio-8080-exec-1] ERROR StackTrace  - Full Stack Trace:
org.codehaus.groovy.control.MultipleCompilationErrorsException: startup failed:
/Users/calvin/Desktop/timestamps-groovy/TimeStampsGroovy/grails-app/controllers/timestampsgroovy/PrivateContollerController.groovy: 4: unable to resolve class Secured ,  unable to find class for annotation
 @ line 4, column 1.
   @Secured(['ROLE_ADMIN'])
   ^

/Users/calvin/Desktop/timestamps-groovy/TimeStampsGroovy/grails-app/controllers/timestampsgroovy/PublicController.groovy: 3: unable to resolve class Secured ,  unable to find class for annotation
 @ line 3, column 1.
   @Secured(['permitAll'])
   ^

2 errors

	at org.codehaus.groovy.control.ErrorCollector.failIfErrors(ErrorCollector.java:309)
	at org.codehaus.groovy.control.CompilationUnit.applyToSourceUnits(CompilationUnit.java:943)
	at org.codehaus.groovy.control.CompilationUnit.doPhaseOperation(CompilationUnit.java:590)
	at org.codehaus.groovy.control.CompilationUnit.compile(CompilationUnit.java:539)
	at org.codehaus.groovy.control.CompilationUnit.compile(CompilationUnit.java:522)
	at org.codehaus.groovy.tools.FileSystemCompiler.compile(FileSystemCompiler.java:59)
	at org.codehaus.groovy.tools.FileSystemCompiler.doCompilation(FileSystemCompiler.java:215)
	at org.codehaus.groovy.ant.Groovyc.runCompiler(Groovyc.java:1162)
	at org.codehaus.groovy.ant.Groovyc.compile(Groovyc.java:1213)
	at org.codehaus.groovy.ant.Groovyc.execute(Groovyc.java:828)
	at org.apache.tools.ant.UnknownElement.execute(UnknownElement.java:291)
	at org.apache.tools.ant.dispatch.DispatchUtils.execute(DispatchUtils.java:106)
	at java.lang.Thread.run(Thread.java:745)
2016-03-13 16:59:57,421 [http-bio-8080-exec-1] ERROR StackTrace  - Full Stack Trace:
org.codehaus.groovy.control.MultipleCompilationErrorsException: startup failed:
/Users/calvin/Desktop/timestamps-groovy/TimeStampsGroovy/grails-app/controllers/timestampsgroovy/PrivateContollerController.groovy: 4: unable to resolve class Secured ,  unable to find class for annotation
 @ line 4, column 1.
   @Secured(['ROLE_ADMIN'])
   ^

/Users/calvin/Desktop/timestamps-groovy/TimeStampsGroovy/grails-app/controllers/timestampsgroovy/PublicController.groovy: 3: unable to resolve class Secured ,  unable to find class for annotation
 @ line 3, column 1.
   @Secured(['permitAll'])
   ^

2 errors

	at org.codehaus.groovy.control.ErrorCollector.failIfErrors(ErrorCollector.java:309)
	at org.codehaus.groovy.control.CompilationUnit.applyToSourceUnits(CompilationUnit.java:943)
	at org.codehaus.groovy.control.CompilationUnit.doPhaseOperation(CompilationUnit.java:590)
	at org.codehaus.groovy.control.CompilationUnit.compile(CompilationUnit.java:539)
	at org.codehaus.groovy.control.CompilationUnit.compile(CompilationUnit.java:522)
	at org.codehaus.groovy.tools.FileSystemCompiler.compile(FileSystemCompiler.java:59)
	at org.codehaus.groovy.tools.FileSystemCompiler.doCompilation(FileSystemCompiler.java:215)
	at org.codehaus.groovy.ant.Groovyc.runCompiler(Groovyc.java:1162)
	at org.codehaus.groovy.ant.Groovyc.compile(Groovyc.java:1213)
	at org.codehaus.groovy.ant.Groovyc.execute(Groovyc.java:828)
	at org.apache.tools.ant.UnknownElement.execute(UnknownElement.java:291)
	at org.apache.tools.ant.dispatch.DispatchUtils.execute(DispatchUtils.java:106)
	at java.lang.Thread.run(Thread.java:745)
2016-03-13 16:59:57,424 [http-bio-8080-exec-1] ERROR StackTrace  - Full Stack Trace:
org.codehaus.groovy.control.MultipleCompilationErrorsException: startup failed:
/Users/calvin/Desktop/timestamps-groovy/TimeStampsGroovy/grails-app/controllers/timestampsgroovy/PrivateContollerController.groovy: 4: unable to resolve class Secured ,  unable to find class for annotation
 @ line 4, column 1.
   @Secured(['ROLE_ADMIN'])
   ^

/Users/calvin/Desktop/timestamps-groovy/TimeStampsGroovy/grails-app/controllers/timestampsgroovy/PublicController.groovy: 3: unable to resolve class Secured ,  unable to find class for annotation
 @ line 3, column 1.
   @Secured(['permitAll'])
   ^

2 errors

	at org.codehaus.groovy.control.ErrorCollector.failIfErrors(ErrorCollector.java:309)
	at org.codehaus.groovy.control.CompilationUnit.applyToSourceUnits(CompilationUnit.java:943)
	at org.codehaus.groovy.control.CompilationUnit.doPhaseOperation(CompilationUnit.java:590)
	at org.codehaus.groovy.control.CompilationUnit.compile(CompilationUnit.java:539)
	at org.codehaus.groovy.control.CompilationUnit.compile(CompilationUnit.java:522)
	at org.codehaus.groovy.tools.FileSystemCompiler.compile(FileSystemCompiler.java:59)
	at org.codehaus.groovy.tools.FileSystemCompiler.doCompilation(FileSystemCompiler.java:215)
	at org.codehaus.groovy.ant.Groovyc.runCompiler(Groovyc.java:1162)
	at org.codehaus.groovy.ant.Groovyc.compile(Groovyc.java:1213)
	at org.codehaus.groovy.ant.Groovyc.execute(Groovyc.java:828)
	at org.apache.tools.ant.UnknownElement.execute(UnknownElement.java:291)
	at org.apache.tools.ant.dispatch.DispatchUtils.execute(DispatchUtils.java:106)
	at java.lang.Thread.run(Thread.java:745)
2016-03-13 16:59:57,424 [http-bio-8080-exec-1] ERROR StackTrace  - Full Stack Trace:
org.codehaus.groovy.control.MultipleCompilationErrorsException: startup failed:
/Users/calvin/Desktop/timestamps-groovy/TimeStampsGroovy/grails-app/controllers/timestampsgroovy/PrivateContollerController.groovy: 4: unable to resolve class Secured ,  unable to find class for annotation
 @ line 4, column 1.
   @Secured(['ROLE_ADMIN'])
   ^

/Users/calvin/Desktop/timestamps-groovy/TimeStampsGroovy/grails-app/controllers/timestampsgroovy/PublicController.groovy: 3: unable to resolve class Secured ,  unable to find class for annotation
 @ line 3, column 1.
   @Secured(['permitAll'])
   ^

2 errors

	at org.codehaus.groovy.control.ErrorCollector.failIfErrors(ErrorCollector.java:309)
	at org.codehaus.groovy.control.CompilationUnit.applyToSourceUnits(CompilationUnit.java:943)
	at org.codehaus.groovy.control.CompilationUnit.doPhaseOperation(CompilationUnit.java:590)
	at org.codehaus.groovy.control.CompilationUnit.compile(CompilationUnit.java:539)
	at org.codehaus.groovy.control.CompilationUnit.compile(CompilationUnit.java:522)
	at org.codehaus.groovy.tools.FileSystemCompiler.compile(FileSystemCompiler.java:59)
	at org.codehaus.groovy.tools.FileSystemCompiler.doCompilation(FileSystemCompiler.java:215)
	at org.codehaus.groovy.ant.Groovyc.runCompiler(Groovyc.java:1162)
	at org.codehaus.groovy.ant.Groovyc.compile(Groovyc.java:1213)
	at org.codehaus.groovy.ant.Groovyc.execute(Groovyc.java:828)
	at org.apache.tools.ant.UnknownElement.execute(UnknownElement.java:291)
	at org.apache.tools.ant.dispatch.DispatchUtils.execute(DispatchUtils.java:106)
	at java.lang.Thread.run(Thread.java:745)
2016-03-13 17:00:03,848 [http-bio-8080-exec-3] ERROR StackTrace  - Full Stack Trace:
org.codehaus.groovy.control.MultipleCompilationErrorsException: startup failed:
/Users/calvin/Desktop/timestamps-groovy/TimeStampsGroovy/grails-app/controllers/timestampsgroovy/PrivateContollerController.groovy: 4: unable to resolve class Secured ,  unable to find class for annotation
 @ line 4, column 1.
   @Secured(['ROLE_ADMIN'])
   ^

/Users/calvin/Desktop/timestamps-groovy/TimeStampsGroovy/grails-app/controllers/timestampsgroovy/PublicController.groovy: 3: unable to resolve class Secured ,  unable to find class for annotation
 @ line 3, column 1.
   @Secured(['permitAll'])
   ^

2 errors

	at org.codehaus.groovy.control.ErrorCollector.failIfErrors(ErrorCollector.java:309)
	at org.codehaus.groovy.control.CompilationUnit.applyToSourceUnits(CompilationUnit.java:943)
	at org.codehaus.groovy.control.CompilationUnit.doPhaseOperation(CompilationUnit.java:590)
	at org.codehaus.groovy.control.CompilationUnit.compile(CompilationUnit.java:539)
	at org.codehaus.groovy.control.CompilationUnit.compile(CompilationUnit.java:522)
	at org.codehaus.groovy.tools.FileSystemCompiler.compile(FileSystemCompiler.java:59)
	at org.codehaus.groovy.tools.FileSystemCompiler.doCompilation(FileSystemCompiler.java:215)
	at org.codehaus.groovy.ant.Groovyc.runCompiler(Groovyc.java:1162)
	at org.codehaus.groovy.ant.Groovyc.compile(Groovyc.java:1213)
	at org.codehaus.groovy.ant.Groovyc.execute(Groovyc.java:828)
	at org.apache.tools.ant.UnknownElement.execute(UnknownElement.java:291)
	at org.apache.tools.ant.dispatch.DispatchUtils.execute(DispatchUtils.java:106)
	at java.lang.Thread.run(Thread.java:745)
2016-03-13 17:00:03,849 [http-bio-8080-exec-3] ERROR StackTrace  - Full Stack Trace:
org.codehaus.groovy.control.MultipleCompilationErrorsException: startup failed:
/Users/calvin/Desktop/timestamps-groovy/TimeStampsGroovy/grails-app/controllers/timestampsgroovy/PrivateContollerController.groovy: 4: unable to resolve class Secured ,  unable to find class for annotation
 @ line 4, column 1.
   @Secured(['ROLE_ADMIN'])
   ^

/Users/calvin/Desktop/timestamps-groovy/TimeStampsGroovy/grails-app/controllers/timestampsgroovy/PublicController.groovy: 3: unable to resolve class Secured ,  unable to find class for annotation
 @ line 3, column 1.
   @Secured(['permitAll'])
   ^

2 errors

	at org.codehaus.groovy.control.ErrorCollector.failIfErrors(ErrorCollector.java:309)
	at org.codehaus.groovy.control.CompilationUnit.applyToSourceUnits(CompilationUnit.java:943)
	at org.codehaus.groovy.control.CompilationUnit.doPhaseOperation(CompilationUnit.java:590)
	at org.codehaus.groovy.control.CompilationUnit.compile(CompilationUnit.java:539)
	at org.codehaus.groovy.control.CompilationUnit.compile(CompilationUnit.java:522)
	at org.codehaus.groovy.tools.FileSystemCompiler.compile(FileSystemCompiler.java:59)
	at org.codehaus.groovy.tools.FileSystemCompiler.doCompilation(FileSystemCompiler.java:215)
	at org.codehaus.groovy.ant.Groovyc.runCompiler(Groovyc.java:1162)
	at org.codehaus.groovy.ant.Groovyc.compile(Groovyc.java:1213)
	at org.codehaus.groovy.ant.Groovyc.execute(Groovyc.java:828)
	at org.apache.tools.ant.UnknownElement.execute(UnknownElement.java:291)
	at org.apache.tools.ant.dispatch.DispatchUtils.execute(DispatchUtils.java:106)
	at java.lang.Thread.run(Thread.java:745)
2016-03-13 17:00:03,852 [http-bio-8080-exec-3] ERROR StackTrace  - Full Stack Trace:
org.codehaus.groovy.control.MultipleCompilationErrorsException: startup failed:
/Users/calvin/Desktop/timestamps-groovy/TimeStampsGroovy/grails-app/controllers/timestampsgroovy/PrivateContollerController.groovy: 4: unable to resolve class Secured ,  unable to find class for annotation
 @ line 4, column 1.
   @Secured(['ROLE_ADMIN'])
   ^

/Users/calvin/Desktop/timestamps-groovy/TimeStampsGroovy/grails-app/controllers/timestampsgroovy/PublicController.groovy: 3: unable to resolve class Secured ,  unable to find class for annotation
 @ line 3, column 1.
   @Secured(['permitAll'])
   ^

2 errors

	at org.codehaus.groovy.control.ErrorCollector.failIfErrors(ErrorCollector.java:309)
	at org.codehaus.groovy.control.CompilationUnit.applyToSourceUnits(CompilationUnit.java:943)
	at org.codehaus.groovy.control.CompilationUnit.doPhaseOperation(CompilationUnit.java:590)
	at org.codehaus.groovy.control.CompilationUnit.compile(CompilationUnit.java:539)
	at org.codehaus.groovy.control.CompilationUnit.compile(CompilationUnit.java:522)
	at org.codehaus.groovy.tools.FileSystemCompiler.compile(FileSystemCompiler.java:59)
	at org.codehaus.groovy.tools.FileSystemCompiler.doCompilation(FileSystemCompiler.java:215)
	at org.codehaus.groovy.ant.Groovyc.runCompiler(Groovyc.java:1162)
	at org.codehaus.groovy.ant.Groovyc.compile(Groovyc.java:1213)
	at org.codehaus.groovy.ant.Groovyc.execute(Groovyc.java:828)
	at org.apache.tools.ant.UnknownElement.execute(UnknownElement.java:291)
	at org.apache.tools.ant.dispatch.DispatchUtils.execute(DispatchUtils.java:106)
	at java.lang.Thread.run(Thread.java:745)
2016-03-13 17:00:03,853 [http-bio-8080-exec-3] ERROR StackTrace  - Full Stack Trace:
org.codehaus.groovy.control.MultipleCompilationErrorsException: startup failed:
/Users/calvin/Desktop/timestamps-groovy/TimeStampsGroovy/grails-app/controllers/timestampsgroovy/PrivateContollerController.groovy: 4: unable to resolve class Secured ,  unable to find class for annotation
 @ line 4, column 1.
   @Secured(['ROLE_ADMIN'])
   ^

/Users/calvin/Desktop/timestamps-groovy/TimeStampsGroovy/grails-app/controllers/timestampsgroovy/PublicController.groovy: 3: unable to resolve class Secured ,  unable to find class for annotation
 @ line 3, column 1.
   @Secured(['permitAll'])
   ^

2 errors

	at org.codehaus.groovy.control.ErrorCollector.failIfErrors(ErrorCollector.java:309)
	at org.codehaus.groovy.control.CompilationUnit.applyToSourceUnits(CompilationUnit.java:943)
	at org.codehaus.groovy.control.CompilationUnit.doPhaseOperation(CompilationUnit.java:590)
	at org.codehaus.groovy.control.CompilationUnit.compile(CompilationUnit.java:539)
	at org.codehaus.groovy.control.CompilationUnit.compile(CompilationUnit.java:522)
	at org.codehaus.groovy.tools.FileSystemCompiler.compile(FileSystemCompiler.java:59)
	at org.codehaus.groovy.tools.FileSystemCompiler.doCompilation(FileSystemCompiler.java:215)
	at org.codehaus.groovy.ant.Groovyc.runCompiler(Groovyc.java:1162)
	at org.codehaus.groovy.ant.Groovyc.compile(Groovyc.java:1213)
	at org.codehaus.groovy.ant.Groovyc.execute(Groovyc.java:828)
	at org.apache.tools.ant.UnknownElement.execute(UnknownElement.java:291)
	at org.apache.tools.ant.dispatch.DispatchUtils.execute(DispatchUtils.java:106)
	at java.lang.Thread.run(Thread.java:745)
